<?xml version="1.0" encoding="UTF-8"?>
<coverage generated="1753670214358" clover="3.2.0">
  <project timestamp="1753670214358" name="All files">
    <metrics statements="31" coveredstatements="26" conditionals="32" coveredconditionals="25" methods="8" coveredmethods="8" elements="71" coveredelements="59" complexity="0" loc="31" ncloc="31" packages="1" files="4" classes="4"/>
    <file name="caesarCipher.js" path="/home/odinstudent/repos/ODIN EXERCICES/odin-jest-testing/src/caesarCipher.js">
      <metrics statements="24" coveredstatements="19" conditionals="28" coveredconditionals="21" methods="5" coveredmethods="5"/>
      <line num="2" count="11" type="stmt"/>
      <line num="4" count="11" type="stmt"/>
      <line num="5" count="11" type="stmt"/>
      <line num="9" count="37" type="stmt"/>
      <line num="11" count="37" type="stmt"/>
      <line num="12" count="37" type="stmt"/>
      <line num="16" count="61" type="cond" truecount="3" falsecount="1"/>
      <line num="17" count="0" type="stmt"/>
      <line num="18" count="0" type="stmt"/>
      <line num="19" count="61" type="cond" truecount="4" falsecount="0"/>
      <line num="20" count="13" type="stmt"/>
      <line num="21" count="48" type="cond" truecount="3" falsecount="1"/>
      <line num="22" count="0" type="stmt"/>
      <line num="23" count="48" type="cond" truecount="2" falsecount="2"/>
      <line num="24" count="0" type="stmt"/>
      <line num="25" count="48" type="cond" truecount="2" falsecount="2"/>
      <line num="26" count="0" type="stmt"/>
      <line num="27" count="48" type="cond" truecount="4" falsecount="0"/>
      <line num="28" count="11" type="stmt"/>
      <line num="29" count="37" type="cond" truecount="3" falsecount="1"/>
      <line num="30" count="37" type="stmt"/>
      <line num="35" count="4" type="stmt"/>
      <line num="36" count="61" type="stmt"/>
      <line num="39" count="4" type="stmt"/>
    </file>
    <file name="calculator.js" path="/home/odinstudent/repos/ODIN EXERCICES/odin-jest-testing/src/calculator.js">
      <metrics statements="5" coveredstatements="5" conditionals="4" coveredconditionals="4" methods="1" coveredmethods="1"/>
      <line num="2" count="8" type="cond" truecount="4" falsecount="0"/>
      <line num="4" count="2" type="stmt"/>
      <line num="7" count="2" type="stmt"/>
      <line num="10" count="2" type="stmt"/>
      <line num="13" count="2" type="stmt"/>
    </file>
    <file name="capitalize.js" path="/home/odinstudent/repos/ODIN EXERCICES/odin-jest-testing/src/capitalize.js">
      <metrics statements="1" coveredstatements="1" conditionals="0" coveredconditionals="0" methods="1" coveredmethods="1"/>
      <line num="2" count="4" type="stmt"/>
    </file>
    <file name="reverseString.js" path="/home/odinstudent/repos/ODIN EXERCICES/odin-jest-testing/src/reverseString.js">
      <metrics statements="1" coveredstatements="1" conditionals="0" coveredconditionals="0" methods="1" coveredmethods="1"/>
      <line num="2" count="2" type="stmt"/>
    </file>
  </project>
</coverage>
