{"/home/odinstudent/repos/ODIN EXERCICES/odin-jest-testing/src/calculator.js": {"path":"/home/odinstudent/repos/ODIN EXERCICES/odin-jest-testing/src/calculator.js","statementMap":{"0":{"start":{"line":2,"column":2},"end":{"line":14,"column":3}},"1":{"start":{"line":4,"column":6},"end":{"line":4,"column":25}},"2":{"start":{"line":7,"column":6},"end":{"line":7,"column":25}},"3":{"start":{"line":10,"column":6},"end":{"line":10,"column":25}},"4":{"start":{"line":13,"column":6},"end":{"line":13,"column":25}}},"fnMap":{"0":{"name":"calculator","decl":{"start":{"line":1,"column":9},"end":{"line":1,"column":19}},"loc":{"start":{"line":1,"column":42},"end":{"line":15,"column":1}},"line":1}},"branchMap":{"0":{"loc":{"start":{"line":2,"column":2},"end":{"line":14,"column":3}},"type":"switch","locations":[{"start":{"line":3,"column":4},"end":{"line":4,"column":25}},{"start":{"line":6,"column":4},"end":{"line":7,"column":25}},{"start":{"line":9,"column":4},"end":{"line":10,"column":25}},{"start":{"line":12,"column":4},"end":{"line":13,"column":25}}],"line":2}},"s":{"0":8,"1":2,"2":2,"3":2,"4":2},"f":{"0":8},"b":{"0":[2,2,2,2]},"_coverageSchema":"1a1c01bbd47fc00a2c39e90264f33305004495a9","hash":"aa265bd2b9ca683c1464b53c2b62adadf7138ad7"}
,"/home/odinstudent/repos/ODIN EXERCICES/odin-jest-testing/src/capitalize.js": {"path":"/home/odinstudent/repos/ODIN EXERCICES/odin-jest-testing/src/capitalize.js","statementMap":{"0":{"start":{"line":2,"column":2},"end":{"line":2,"column":65}}},"fnMap":{"0":{"name":"capitalize","decl":{"start":{"line":1,"column":9},"end":{"line":1,"column":19}},"loc":{"start":{"line":1,"column":28},"end":{"line":3,"column":1}},"line":1}},"branchMap":{},"s":{"0":4},"f":{"0":4},"b":{},"_coverageSchema":"1a1c01bbd47fc00a2c39e90264f33305004495a9","hash":"c8e031782c45c0369e020ee0ac526427b708c85d"}
,"/home/odinstudent/repos/ODIN EXERCICES/odin-jest-testing/src/reverseString.js": {"path":"/home/odinstudent/repos/ODIN EXERCICES/odin-jest-testing/src/reverseString.js","statementMap":{"0":{"start":{"line":2,"column":2},"end":{"line":2,"column":45}}},"fnMap":{"0":{"name":"reverseString","decl":{"start":{"line":1,"column":9},"end":{"line":1,"column":22}},"loc":{"start":{"line":1,"column":31},"end":{"line":3,"column":1}},"line":1}},"branchMap":{},"s":{"0":2},"f":{"0":2},"b":{},"_coverageSchema":"1a1c01bbd47fc00a2c39e90264f33305004495a9","hash":"801b4996fd0412e3f73b2082fbcccefa14840c22"}
}
