{"/home/odinstudent/repos/ODIN EXERCICES/odin-jest-testing/src/analyzeArray.js": {"path":"/home/odinstudent/repos/ODIN EXERCICES/odin-jest-testing/src/analyzeArray.js","statementMap":{"0":{"start":{"line":2,"column":21},"end":{"line":2,"column":23}},"1":{"start":{"line":4,"column":2},"end":{"line":15,"column":3}},"2":{"start":{"line":5,"column":4},"end":{"line":5,"column":31}},"3":{"start":{"line":6,"column":4},"end":{"line":6,"column":27}},"4":{"start":{"line":7,"column":4},"end":{"line":7,"column":27}},"5":{"start":{"line":8,"column":4},"end":{"line":8,"column":28}},"6":{"start":{"line":10,"column":4},"end":{"line":11,"column":64}},"7":{"start":{"line":11,"column":34},"end":{"line":11,"column":44}},"8":{"start":{"line":12,"column":4},"end":{"line":12,"column":42}},"9":{"start":{"line":13,"column":4},"end":{"line":13,"column":42}},"10":{"start":{"line":14,"column":4},"end":{"line":14,"column":39}},"11":{"start":{"line":17,"column":2},"end":{"line":17,"column":22}}},"fnMap":{"0":{"name":"analyzeArray","decl":{"start":{"line":1,"column":9},"end":{"line":1,"column":21}},"loc":{"start":{"line":1,"column":29},"end":{"line":18,"column":1}},"line":1},"1":{"name":"(anonymous_1)","decl":{"start":{"line":11,"column":19},"end":{"line":11,"column":20}},"loc":{"start":{"line":11,"column":34},"end":{"line":11,"column":44}},"line":11}},"branchMap":{"0":{"loc":{"start":{"line":4,"column":2},"end":{"line":15,"column":3}},"type":"if","locations":[{"start":{"line":4,"column":2},"end":{"line":15,"column":3}},{"start":{"line":9,"column":9},"end":{"line":15,"column":3}}],"line":4},"1":{"loc":{"start":{"line":4,"column":6},"end":{"line":4,"column":49}},"type":"binary-expr","locations":[{"start":{"line":4,"column":6},"end":{"line":4,"column":27}},{"start":{"line":4,"column":31},"end":{"line":4,"column":49}}],"line":4}},"s":{"0":4,"1":4,"2":0,"3":0,"4":0,"5":0,"6":4,"7":24,"8":4,"9":4,"10":4,"11":4},"f":{"0":4,"1":24},"b":{"0":[0,4],"1":[4,4]},"_coverageSchema":"1a1c01bbd47fc00a2c39e90264f33305004495a9","hash":"395e8b03f097dbd75927ca16eb386f5faebc837f"}
,"/home/odinstudent/repos/ODIN EXERCICES/odin-jest-testing/src/caesarCipher.js": {"path":"/home/odinstudent/repos/ODIN EXERCICES/odin-jest-testing/src/caesarCipher.js","statementMap":{"0":{"start":{"line":2,"column":22},"end":{"line":2,"column":42}},"1":{"start":{"line":4,"column":4},"end":{"line":4,"column":70}},"2":{"start":{"line":5,"column":2},"end":{"line":5,"column":39}},"3":{"start":{"line":9,"column":22},"end":{"line":9,"column":42}},"4":{"start":{"line":11,"column":4},"end":{"line":11,"column":70}},"5":{"start":{"line":12,"column":2},"end":{"line":12,"column":39}},"6":{"start":{"line":16,"column":2},"end":{"line":31,"column":3}},"7":{"start":{"line":17,"column":4},"end":{"line":17,"column":68}},"8":{"start":{"line":18,"column":4},"end":{"line":18,"column":16}},"9":{"start":{"line":19,"column":9},"end":{"line":31,"column":3}},"10":{"start":{"line":20,"column":4},"end":{"line":20,"column":16}},"11":{"start":{"line":21,"column":9},"end":{"line":31,"column":3}},"12":{"start":{"line":22,"column":4},"end":{"line":22,"column":16}},"13":{"start":{"line":23,"column":9},"end":{"line":31,"column":3}},"14":{"start":{"line":24,"column":4},"end":{"line":24,"column":16}},"15":{"start":{"line":25,"column":9},"end":{"line":31,"column":3}},"16":{"start":{"line":26,"column":4},"end":{"line":26,"column":16}},"17":{"start":{"line":27,"column":9},"end":{"line":31,"column":3}},"18":{"start":{"line":28,"column":4},"end":{"line":28,"column":39}},"19":{"start":{"line":29,"column":9},"end":{"line":31,"column":3}},"20":{"start":{"line":30,"column":4},"end":{"line":30,"column":39}},"21":{"start":{"line":35,"column":26},"end":{"line":37,"column":4}},"22":{"start":{"line":36,"column":4},"end":{"line":36,"column":34}},"23":{"start":{"line":39,"column":2},"end":{"line":39,"column":36}}},"fnMap":{"0":{"name":"shiftLetterUpper","decl":{"start":{"line":1,"column":9},"end":{"line":1,"column":25}},"loc":{"start":{"line":1,"column":39},"end":{"line":6,"column":1}},"line":1},"1":{"name":"shiftLetterLower","decl":{"start":{"line":8,"column":9},"end":{"line":8,"column":25}},"loc":{"start":{"line":8,"column":39},"end":{"line":13,"column":1}},"line":8},"2":{"name":"convertChar","decl":{"start":{"line":15,"column":9},"end":{"line":15,"column":20}},"loc":{"start":{"line":15,"column":32},"end":{"line":32,"column":1}},"line":15},"3":{"name":"caesarCipher","decl":{"start":{"line":34,"column":9},"end":{"line":34,"column":21}},"loc":{"start":{"line":34,"column":35},"end":{"line":40,"column":1}},"line":34},"4":{"name":"(anonymous_4)","decl":{"start":{"line":35,"column":47},"end":{"line":35,"column":48}},"loc":{"start":{"line":35,"column":57},"end":{"line":37,"column":3}},"line":35}},"branchMap":{"0":{"loc":{"start":{"line":16,"column":2},"end":{"line":31,"column":3}},"type":"if","locations":[{"start":{"line":16,"column":2},"end":{"line":31,"column":3}},{"start":{"line":19,"column":9},"end":{"line":31,"column":3}}],"line":16},"1":{"loc":{"start":{"line":16,"column":6},"end":{"line":16,"column":59}},"type":"binary-expr","locations":[{"start":{"line":16,"column":6},"end":{"line":16,"column":29}},{"start":{"line":16,"column":33},"end":{"line":16,"column":59}}],"line":16},"2":{"loc":{"start":{"line":19,"column":9},"end":{"line":31,"column":3}},"type":"if","locations":[{"start":{"line":19,"column":9},"end":{"line":31,"column":3}},{"start":{"line":21,"column":9},"end":{"line":31,"column":3}}],"line":19},"3":{"loc":{"start":{"line":19,"column":13},"end":{"line":19,"column":64}},"type":"binary-expr","locations":[{"start":{"line":19,"column":13},"end":{"line":19,"column":37}},{"start":{"line":19,"column":41},"end":{"line":19,"column":64}}],"line":19},"4":{"loc":{"start":{"line":21,"column":9},"end":{"line":31,"column":3}},"type":"if","locations":[{"start":{"line":21,"column":9},"end":{"line":31,"column":3}},{"start":{"line":23,"column":9},"end":{"line":31,"column":3}}],"line":21},"5":{"loc":{"start":{"line":21,"column":13},"end":{"line":21,"column":64}},"type":"binary-expr","locations":[{"start":{"line":21,"column":13},"end":{"line":21,"column":37}},{"start":{"line":21,"column":41},"end":{"line":21,"column":64}}],"line":21},"6":{"loc":{"start":{"line":23,"column":9},"end":{"line":31,"column":3}},"type":"if","locations":[{"start":{"line":23,"column":9},"end":{"line":31,"column":3}},{"start":{"line":25,"column":9},"end":{"line":31,"column":3}}],"line":23},"7":{"loc":{"start":{"line":23,"column":13},"end":{"line":23,"column":66}},"type":"binary-expr","locations":[{"start":{"line":23,"column":13},"end":{"line":23,"column":38}},{"start":{"line":23,"column":42},"end":{"line":23,"column":66}}],"line":23},"8":{"loc":{"start":{"line":25,"column":9},"end":{"line":31,"column":3}},"type":"if","locations":[{"start":{"line":25,"column":9},"end":{"line":31,"column":3}},{"start":{"line":27,"column":9},"end":{"line":31,"column":3}}],"line":25},"9":{"loc":{"start":{"line":25,"column":13},"end":{"line":25,"column":66}},"type":"binary-expr","locations":[{"start":{"line":25,"column":13},"end":{"line":25,"column":38}},{"start":{"line":25,"column":42},"end":{"line":25,"column":66}}],"line":25},"10":{"loc":{"start":{"line":27,"column":9},"end":{"line":31,"column":3}},"type":"if","locations":[{"start":{"line":27,"column":9},"end":{"line":31,"column":3}},{"start":{"line":29,"column":9},"end":{"line":31,"column":3}}],"line":27},"11":{"loc":{"start":{"line":27,"column":13},"end":{"line":27,"column":64}},"type":"binary-expr","locations":[{"start":{"line":27,"column":13},"end":{"line":27,"column":37}},{"start":{"line":27,"column":41},"end":{"line":27,"column":64}}],"line":27},"12":{"loc":{"start":{"line":29,"column":9},"end":{"line":31,"column":3}},"type":"if","locations":[{"start":{"line":29,"column":9},"end":{"line":31,"column":3}},{"start":{},"end":{}}],"line":29},"13":{"loc":{"start":{"line":29,"column":13},"end":{"line":29,"column":65}},"type":"binary-expr","locations":[{"start":{"line":29,"column":13},"end":{"line":29,"column":37}},{"start":{"line":29,"column":41},"end":{"line":29,"column":65}}],"line":29}},"s":{"0":11,"1":11,"2":11,"3":37,"4":37,"5":37,"6":61,"7":0,"8":0,"9":61,"10":13,"11":48,"12":0,"13":48,"14":0,"15":48,"16":0,"17":48,"18":11,"19":37,"20":37,"21":4,"22":61,"23":4},"f":{"0":11,"1":37,"2":61,"3":4,"4":61},"b":{"0":[0,61],"1":[61,61],"2":[13,48],"3":[61,61],"4":[0,48],"5":[48,37],"6":[0,48],"7":[48,0],"8":[0,48],"9":[48,0],"10":[11,37],"11":[48,48],"12":[37,0],"13":[37,37]},"_coverageSchema":"1a1c01bbd47fc00a2c39e90264f33305004495a9","hash":"50665db8248bc4f985c093e36d1252cc7bae8267"}
,"/home/odinstudent/repos/ODIN EXERCICES/odin-jest-testing/src/calculator.js": {"path":"/home/odinstudent/repos/ODIN EXERCICES/odin-jest-testing/src/calculator.js","statementMap":{"0":{"start":{"line":2,"column":2},"end":{"line":14,"column":3}},"1":{"start":{"line":4,"column":6},"end":{"line":4,"column":25}},"2":{"start":{"line":7,"column":6},"end":{"line":7,"column":25}},"3":{"start":{"line":10,"column":6},"end":{"line":10,"column":25}},"4":{"start":{"line":13,"column":6},"end":{"line":13,"column":25}}},"fnMap":{"0":{"name":"calculator","decl":{"start":{"line":1,"column":9},"end":{"line":1,"column":19}},"loc":{"start":{"line":1,"column":42},"end":{"line":15,"column":1}},"line":1}},"branchMap":{"0":{"loc":{"start":{"line":2,"column":2},"end":{"line":14,"column":3}},"type":"switch","locations":[{"start":{"line":3,"column":4},"end":{"line":4,"column":25}},{"start":{"line":6,"column":4},"end":{"line":7,"column":25}},{"start":{"line":9,"column":4},"end":{"line":10,"column":25}},{"start":{"line":12,"column":4},"end":{"line":13,"column":25}}],"line":2}},"s":{"0":8,"1":2,"2":2,"3":2,"4":2},"f":{"0":8},"b":{"0":[2,2,2,2]},"_coverageSchema":"1a1c01bbd47fc00a2c39e90264f33305004495a9","hash":"aa265bd2b9ca683c1464b53c2b62adadf7138ad7"}
,"/home/odinstudent/repos/ODIN EXERCICES/odin-jest-testing/src/capitalize.js": {"path":"/home/odinstudent/repos/ODIN EXERCICES/odin-jest-testing/src/capitalize.js","statementMap":{"0":{"start":{"line":2,"column":2},"end":{"line":2,"column":65}}},"fnMap":{"0":{"name":"capitalize","decl":{"start":{"line":1,"column":9},"end":{"line":1,"column":19}},"loc":{"start":{"line":1,"column":28},"end":{"line":3,"column":1}},"line":1}},"branchMap":{},"s":{"0":4},"f":{"0":4},"b":{},"_coverageSchema":"1a1c01bbd47fc00a2c39e90264f33305004495a9","hash":"c8e031782c45c0369e020ee0ac526427b708c85d"}
,"/home/odinstudent/repos/ODIN EXERCICES/odin-jest-testing/src/reverseString.js": {"path":"/home/odinstudent/repos/ODIN EXERCICES/odin-jest-testing/src/reverseString.js","statementMap":{"0":{"start":{"line":2,"column":2},"end":{"line":2,"column":45}}},"fnMap":{"0":{"name":"reverseString","decl":{"start":{"line":1,"column":9},"end":{"line":1,"column":22}},"loc":{"start":{"line":1,"column":31},"end":{"line":3,"column":1}},"line":1}},"branchMap":{},"s":{"0":2},"f":{"0":2},"b":{},"_coverageSchema":"1a1c01bbd47fc00a2c39e90264f33305004495a9","hash":"801b4996fd0412e3f73b2082fbcccefa14840c22"}
}
