TN:
SF:src/analyzeArray.js
FN:1,analyzeArray
FN:11,(anonymous_1)
FNF:2
FNH:2
FNDA:1,analyzeArray
FNDA:6,(anonymous_1)
DA:2,1
DA:4,1
DA:5,0
DA:6,0
DA:7,0
DA:8,0
DA:10,1
DA:11,6
DA:12,1
DA:13,1
DA:14,1
DA:17,1
LF:12
LH:8
BRDA:4,0,0,0
BRDA:4,0,1,1
BRDA:4,1,0,1
BRDA:4,1,1,1
BRF:4
BRH:3
end_of_record
TN:
SF:src/caesarCipher.js
FN:1,shiftLetterUpper
FN:8,shiftLetterLower
FN:15,convertChar
FN:34,caesarCipher
FN:35,(anonymous_4)
FNF:5
FNH:5
FNDA:11,shiftLetterUpper
FNDA:37,shiftLetterLower
FNDA:61,convertChar
FNDA:4,caesarCipher
FNDA:61,(anonymous_4)
DA:2,11
DA:4,11
DA:5,11
DA:9,37
DA:11,37
DA:12,37
DA:16,61
DA:17,0
DA:18,0
DA:19,61
DA:20,13
DA:21,48
DA:22,0
DA:23,48
DA:24,0
DA:25,48
DA:26,0
DA:27,48
DA:28,11
DA:29,37
DA:30,37
DA:35,4
DA:36,61
DA:39,4
LF:24
LH:19
BRDA:16,0,0,0
BRDA:16,0,1,61
BRDA:16,1,0,61
BRDA:16,1,1,61
BRDA:19,2,0,13
BRDA:19,2,1,48
BRDA:19,3,0,61
BRDA:19,3,1,61
BRDA:21,4,0,0
BRDA:21,4,1,48
BRDA:21,5,0,48
BRDA:21,5,1,37
BRDA:23,6,0,0
BRDA:23,6,1,48
BRDA:23,7,0,48
BRDA:23,7,1,0
BRDA:25,8,0,0
BRDA:25,8,1,48
BRDA:25,9,0,48
BRDA:25,9,1,0
BRDA:27,10,0,11
BRDA:27,10,1,37
BRDA:27,11,0,48
BRDA:27,11,1,48
BRDA:29,12,0,37
BRDA:29,12,1,0
BRDA:29,13,0,37
BRDA:29,13,1,37
BRF:28
BRH:21
end_of_record
TN:
SF:src/calculator.js
FN:1,calculator
FNF:1
FNH:1
FNDA:8,calculator
DA:2,8
DA:4,2
DA:7,2
DA:10,2
DA:13,2
LF:5
LH:5
BRDA:2,0,0,2
BRDA:2,0,1,2
BRDA:2,0,2,2
BRDA:2,0,3,2
BRF:4
BRH:4
end_of_record
TN:
SF:src/capitalize.js
FN:1,capitalize
FNF:1
FNH:1
FNDA:4,capitalize
DA:2,4
LF:1
LH:1
BRF:0
BRH:0
end_of_record
TN:
SF:src/reverseString.js
FN:1,reverseString
FNF:1
FNH:1
FNDA:2,reverseString
DA:2,2
LF:1
LH:1
BRF:0
BRH:0
end_of_record
